2026-04-16 17:52:53,224 - root - INFO - Received features H=0.0 diameter_km=0.0 size_category='string' albedo=0.0 rot_per_h=0.0 class_code='string' eccentricity=0.0 semimajor_axis_au=0.0 inclination_deg=0.0 perihelion_distance_au=0.0 aphelion_distance_au=0.0 orbital_period_days=0.0 moid_au=0.0 mean_motion_deg_day=0.0 condition_code=0.0 data_arc=0.0
2026-04-16 17:52:53,239 - root - ERROR - Error making prediction: 'ColumnTransformer' object is not callable
2026-04-16 17:55:42,626 - root - INFO - Received features H=0.0 diameter_km=0.0 size_category='Large' albedo=0.0 rot_per_h=0.0 class_code='AMO' eccentricity=0.0 semimajor_axis_au=0.0 inclination_deg=0.0 perihelion_distance_au=0.0 aphelion_distance_au=0.0 orbital_period_days=0.0 moid_au=0.0 mean_motion_deg_day=0.0 condition_code=0.0 data_arc=0.0
2026-04-16 17:55:42,629 - root - ERROR - Error making prediction: 'ColumnTransformer' object is not callable
2026-04-16 17:56:25,793 - root - INFO - Received features H=0.0 diameter_km=0.0 size_category='Large' albedo=0.0 rot_per_h=0.0 class_code='AMO' eccentricity=0.0 semimajor_axis_au=0.0 inclination_deg=0.0 perihelion_distance_au=0.0 aphelion_distance_au=0.0 orbital_period_days=0.0 moid_au=0.0 mean_motion_deg_day=0.0 condition_code=0.0 data_arc=0.0
2026-04-16 17:59:59,821 - root - INFO - Received features H=0.0 diameter_km=0.0 size_category='Large' albedo=0.0 rot_per_h=0.0 class_code='AMO' eccentricity=0.0 semimajor_axis_au=0.0 inclination_deg=0.0 perihelion_distance_au=0.0 aphelion_distance_au=0.0 orbital_period_days=0.0 moid_au=0.0 mean_motion_deg_day=0.0 condition_code=0.0 data_arc=0.0
2026-04-16 18:01:30,674 - root - INFO - Received features H=0.0 diameter_km=0.0 size_category='Large' albedo=0.0 rot_per_h=0.0 class_code='AMO' eccentricity=0.0 semimajor_axis_au=0.0 inclination_deg=0.0 perihelion_distance_au=0.0 aphelion_distance_au=0.0 orbital_period_days=0.0 moid_au=0.0 mean_motion_deg_day=0.0 condition_code=0.0 data_arc=0.0
2026-04-16 18:03:26,716 - root - INFO - Received features H=0.0 diameter_km=0.0 size_category='Large' albedo=0.0 rot_per_h=0.0 class_code='AMO' eccentricity=0.0 semimajor_axis_au=0.0 inclination_deg=0.0 perihelion_distance_au=0.0 aphelion_distance_au=0.0 orbital_period_days=0.0 moid_au=0.0 mean_motion_deg_day=0.0 condition_code=0.0 data_arc=0.0
2026-04-16 18:04:24,365 - root - INFO - Received features H=0.0 diameter_km=0.0 size_category='Large' albedo=0.0 rot_per_h=0.0 class_code='AMO' eccentricity=0.0 semimajor_axis_au=0.0 inclination_deg=0.0 perihelion_distance_au=0.0 aphelion_distance_au=0.0 orbital_period_days=0.0 moid_au=0.0 mean_motion_deg_day=0.0 condition_code=0.0 data_arc=0.0
2026-04-16 18:04:49,441 - root - INFO - Received features H=0.0 diameter_km=0.0 size_category='Large' albedo=0.0 rot_per_h=0.0 class_code='AMO' eccentricity=0.0 semimajor_axis_au=0.0 inclination_deg=0.0 perihelion_distance_au=0.0 aphelion_distance_au=0.0 orbital_period_days=0.0 moid_au=0.0 mean_motion_deg_day=0.0 condition_code=0.0 data_arc=0.0
2026-04-16 18:10:30,452 - root - INFO - Received features H=0.0 diameter_km=0.0 size_category='Large' albedo=0.0 rot_per_h=0.0 class_code='AMO' eccentricity=0.0 semimajor_axis_au=0.0 inclination_deg=0.0 perihelion_distance_au=0.0 aphelion_distance_au=0.0 orbital_period_days=0.0 moid_au=0.0 mean_motion_deg_day=0.0 condition_code=0.0 data_arc=0.0
2026-04-16 18:10:55,881 - root - INFO - Received features H=0.0 diameter_km=0.0 size_category='Large' albedo=0.0 rot_per_h=0.0 class_code='AMO' eccentricity=0.0 semimajor_axis_au=0.0 inclination_deg=0.0 perihelion_distance_au=0.0 aphelion_distance_au=0.0 orbital_period_days=0.0 moid_au=0.0 mean_motion_deg_day=0.0 condition_code=0.0 data_arc=0.0
2026-04-16 18:11:57,396 - root - INFO - Received features H=0.0 diameter_km=0.0 size_category='Large' albedo=0.0 rot_per_h=0.0 class_code='AMO' eccentricity=0.0 semimajor_axis_au=0.0 inclination_deg=0.0 perihelion_distance_au=0.0 aphelion_distance_au=0.0 orbital_period_days=0.0 moid_au=0.0 mean_motion_deg_day=0.0 condition_code=0.0 data_arc=0.0
2026-04-16 18:11:57,413 - root - ERROR - Error making prediction: X does not contain any features, but ColumnTransformer is expecting 16 features
2026-04-16 18:13:48,893 - root - INFO - Received features H=0.0 diameter_km=0.0 size_category='Large' albedo=0.0 rot_per_h=0.0 class_code='AMO' eccentricity=0.0 semimajor_axis_au=0.0 inclination_deg=0.0 perihelion_distance_au=0.0 aphelion_distance_au=0.0 orbital_period_days=0.0 moid_au=0.0 mean_motion_deg_day=0.0 condition_code=0.0 data_arc=0.0
2026-04-16 18:14:26,914 - root - INFO - Received features H=0.0 diameter_km=0.0 size_category='Large' albedo=0.0 rot_per_h=0.0 class_code='AMO' eccentricity=0.0 semimajor_axis_au=0.0 inclination_deg=0.0 perihelion_distance_au=0.0 aphelion_distance_au=0.0 orbital_period_days=0.0 moid_au=0.0 mean_motion_deg_day=0.0 condition_code=0.0 data_arc=0.0
2026-04-16 18:14:26,920 - root - ERROR - Error making prediction: 'dict' object has no attribute 'loc'
2026-04-16 18:16:13,311 - root - INFO - Received features H=0.0 diameter_km=0.0 size_category='Large' albedo=0.0 rot_per_h=0.0 class_code='AMO' eccentricity=0.0 semimajor_axis_au=0.0 inclination_deg=0.0 perihelion_distance_au=0.0 aphelion_distance_au=0.0 orbital_period_days=0.0 moid_au=0.0 mean_motion_deg_day=0.0 condition_code=0.0 data_arc=0.0
2026-04-16 18:16:37,956 - root - INFO - Received features H=0.0 diameter_km=0.0 size_category='Large' albedo=0.0 rot_per_h=0.0 class_code='AMO' eccentricity=0.0 semimajor_axis_au=0.0 inclination_deg=0.0 perihelion_distance_au=0.0 aphelion_distance_au=0.0 orbital_period_days=0.0 moid_au=0.0 mean_motion_deg_day=0.0 condition_code=0.0 data_arc=0.0
2026-04-16 18:17:05,855 - root - INFO - Received features H=0.0 diameter_km=0.0 size_category='Large' albedo=0.0 rot_per_h=0.0 class_code='AMO' eccentricity=0.0 semimajor_axis_au=0.0 inclination_deg=0.0 perihelion_distance_au=0.0 aphelion_distance_au=0.0 orbital_period_days=0.0 moid_au=0.0 mean_motion_deg_day=0.0 condition_code=0.0 data_arc=0.0
2026-04-16 18:17:05,863 - root - ERROR - Error making prediction: argument 'mode': 'type' object is not an instance of 'str'
2026-04-16 18:17:42,682 - root - INFO - Received features H=0.0 diameter_km=0.0 size_category='Large' albedo=0.0 rot_per_h=0.0 class_code='AMO' eccentricity=0.0 semimajor_axis_au=0.0 inclination_deg=0.0 perihelion_distance_au=0.0 aphelion_distance_au=0.0 orbital_period_days=0.0 moid_au=0.0 mean_motion_deg_day=0.0 condition_code=0.0 data_arc=0.0
2026-04-16 18:18:15,137 - root - INFO - Received features H=0.0 diameter_km=0.0 size_category='Large' albedo=0.0 rot_per_h=0.0 class_code='AMO' eccentricity=0.0 semimajor_axis_au=0.0 inclination_deg=0.0 perihelion_distance_au=0.0 aphelion_distance_au=0.0 orbital_period_days=0.0 moid_au=0.0 mean_motion_deg_day=0.0 condition_code=0.0 data_arc=0.0
2026-04-16 18:19:12,305 - root - INFO - Received features H=0.0 diameter_km=0.0 size_category='Large' albedo=0.0 rot_per_h=0.0 class_code='AMO' eccentricity=0.0 semimajor_axis_au=0.0 inclination_deg=0.0 perihelion_distance_au=0.0 aphelion_distance_au=0.0 orbital_period_days=0.0 moid_au=0.0 mean_motion_deg_day=0.0 condition_code=0.0 data_arc=0.0
2026-04-16 18:19:12,312 - root - ERROR - Error making prediction: If using all scalar values, you must pass an index
2026-04-16 18:19:38,120 - root - INFO - Received features H=0.0 diameter_km=0.0 size_category='Large' albedo=0.0 rot_per_h=0.0 class_code='AMO' eccentricity=0.0 semimajor_axis_au=0.0 inclination_deg=0.0 perihelion_distance_au=0.0 aphelion_distance_au=0.0 orbital_period_days=0.0 moid_au=0.0 mean_motion_deg_day=0.0 condition_code=0.0 data_arc=0.0
2026-04-16 18:19:38,127 - root - ERROR - Error making prediction: 'dict' object has no attribute 'index'
2026-04-16 18:22:12,751 - root - INFO - Received features H=0.0 diameter_km=0.0 size_category='Large' albedo=0.0 rot_per_h=0.0 class_code='AMO' eccentricity=0.0 semimajor_axis_au=0.0 inclination_deg=0.0 perihelion_distance_au=0.0 aphelion_distance_au=0.0 orbital_period_days=0.0 moid_au=0.0 mean_motion_deg_day=0.0 condition_code=0.0 data_arc=0.0
2026-04-16 19:01:22,071 - root - INFO - Received features H=0.0 diameter_km=0.0 size_category='Large' albedo=0.0 rot_per_h=0.0 class_code='AMO' eccentricity=0.0 semimajor_axis_au=0.0 inclination_deg=0.0 perihelion_distance_au=0.0 aphelion_distance_au=0.0 orbital_period_days=0.0 moid_au=0.0 mean_motion_deg_day=0.0 condition_code=0.0 data_arc=0.0
2026-04-16 19:03:00,442 - root - INFO - Received features H=0.0 diameter_km=0.0 size_category='Large' albedo=0.0 rot_per_h=0.0 class_code='AMO' eccentricity=0.0 semimajor_axis_au=0.0 inclination_deg=0.0 perihelion_distance_au=0.0 aphelion_distance_au=0.0 orbital_period_days=0.0 moid_au=0.0 mean_motion_deg_day=0.0 condition_code=0.0 data_arc=0.0
2026-04-16 19:03:41,113 - root - INFO - Received features H=0.0 diameter_km=0.0 size_category='Large' albedo=0.0 rot_per_h=0.0 class_code='AMO' eccentricity=0.0 semimajor_axis_au=0.0 inclination_deg=0.0 perihelion_distance_au=0.0 aphelion_distance_au=0.0 orbital_period_days=0.0 moid_au=0.0 mean_motion_deg_day=0.0 condition_code=0.0 data_arc=0.0
2026-04-16 19:04:11,555 - root - INFO - Received features H=0.0 diameter_km=0.0 size_category='Large' albedo=0.0 rot_per_h=0.0 class_code='AMO' eccentricity=0.0 semimajor_axis_au=0.0 inclination_deg=0.0 perihelion_distance_au=0.0 aphelion_distance_au=0.0 orbital_period_days=0.0 moid_au=0.0 mean_motion_deg_day=0.0 condition_code=0.0 data_arc=0.0
2026-04-16 19:06:46,867 - root - INFO - Received features H=0.0 diameter_km=0.0 size_category='Large' albedo=0.0 rot_per_h=0.0 class_code='AMO' eccentricity=0.0 semimajor_axis_au=0.0 inclination_deg=0.0 perihelion_distance_au=0.0 aphelion_distance_au=0.0 orbital_period_days=0.0 moid_au=0.0 mean_motion_deg_day=0.0 condition_code=0.0 data_arc=0.0
2026-04-16 19:09:23,995 - root - INFO - Received features H=0.0 diameter_km=0.0 size_category='Large' albedo=0.0 rot_per_h=0.0 class_code='AMO' eccentricity=0.0 semimajor_axis_au=0.0 inclination_deg=0.0 perihelion_distance_au=0.0 aphelion_distance_au=0.0 orbital_period_days=0.0 moid_au=0.0 mean_motion_deg_day=0.0 condition_code=0.0 data_arc=0.0
2026-04-16 19:09:24,026 - root - ERROR - Error making prediction: 'numpy.ndarray' object has no attribute 'toarray'
2026-04-16 19:09:52,197 - root - INFO - Received features H=0.0 diameter_km=0.0 size_category='Large' albedo=0.0 rot_per_h=0.0 class_code='AMO' eccentricity=0.0 semimajor_axis_au=0.0 inclination_deg=0.0 perihelion_distance_au=0.0 aphelion_distance_au=0.0 orbital_period_days=0.0 moid_au=0.0 mean_motion_deg_day=0.0 condition_code=0.0 data_arc=0.0
2026-04-16 19:12:38,006 - root - INFO - Received features H=0.0 diameter_km=0.0 size_category='Large' albedo=0.0 rot_per_h=0.0 class_code='AMO' eccentricity=0.0 semimajor_axis_au=0.0 inclination_deg=0.0 perihelion_distance_au=0.0 aphelion_distance_au=0.0 orbital_period_days=0.0 moid_au=0.0 mean_motion_deg_day=0.0 condition_code=0.0 data_arc=0.0
